c:\users\bcl\documents\cellaris\cellarisflex\x64\release\cellaris.ipdb
c:\users\bcl\documents\cellaris\cellarisflex\x64\release\cellaris.iobj
c:\users\bcl\documents\cellaris\cellarisflex\cellaris\x64\release\cellaris.pch
c:\users\bcl\documents\cellaris\cellarisflex\cellaris\x64\release\vc141.pdb
c:\users\bcl\documents\cellaris\cellarisflex\cellaris\x64\release\stdafx.obj
c:\users\bcl\documents\cellaris\cellarisflex\cellaris\x64\release\vc140.pdb
c:\users\bcl\documents\cellaris\cellarisflex\cellaris\x64\release\timestepper.obj
c:\users\bcl\documents\cellaris\cellarisflex\cellaris\x64\release\datastore.obj
c:\users\bcl\documents\cellaris\cellarisflex\cellaris\x64\release\scenes.obj
c:\users\bcl\documents\cellaris\cellarisflex\cellaris\x64\release\cell.obj
c:\users\bcl\documents\cellaris\cellarisflex\cellaris\x64\release\cellaris.obj
c:\users\bcl\documents\cellaris\cellarisflex\cellaris\x64\release\scenetime.obj
c:\users\bcl\documents\cellaris\cellarisflex\x64\release\cellaris.pdb
c:\users\bcl\documents\cellaris\cellarisflex\cellaris\x64\release\cellaris.tlog\cellaris.write.1u.tlog
c:\users\bcl\documents\cellaris\cellarisflex\cellaris\x64\release\cellaris.tlog\cl.command.1.tlog
c:\users\bcl\documents\cellaris\cellarisflex\cellaris\x64\release\cellaris.tlog\cl.read.1.tlog
c:\users\bcl\documents\cellaris\cellarisflex\cellaris\x64\release\cellaris.tlog\cl.write.1.tlog
c:\users\bcl\documents\cellaris\cellarisflex\cellaris\x64\release\cellaris.tlog\link.command.1.tlog
c:\users\bcl\documents\cellaris\cellarisflex\cellaris\x64\release\cellaris.tlog\link.read.1.tlog
c:\users\bcl\documents\cellaris\cellarisflex\cellaris\x64\release\cellaris.tlog\link.write.1.tlog
